This file contains any messages produced by compilers while
running configure, to aid debugging if configure makes a mistake.

It was created by configure, which was
generated by GNU Autoconf 2.68.  Invocation command line was

  $ ./configure --prefix=/usr --sysconfdir=/etc --localstatedir=/var --libdir=/usr/lib --host=sh4-linux --build=x86_64-host-linux-gnu

## --------- ##
## Platform. ##
## --------- ##

hostname = ubuntu
uname -m = x86_64
uname -r = 3.2.0-39-generic
uname -s = Linux
uname -v = #62-Ubuntu SMP Thu Feb 28 00:28:53 UTC 2013

/usr/bin/uname -p = unknown
/bin/uname -X     = unknown

/bin/arch              = unknown
/usr/bin/arch -k       = unknown
/usr/convex/getsysinfo = unknown
/usr/bin/hostinfo      = unknown
/bin/machine           = unknown
/usr/bin/oslevel       = unknown
/bin/universe          = unknown

PATH: /home/ubuntu/repos/ptxdist/fork/STLinux.BSP-Duckbox/platform-ufs913/sysroot-cross/bin
PATH: /home/ubuntu/repos/ptxdist/fork/STLinux.BSP-Duckbox/platform-ufs913/sysroot-cross/sbin
PATH: /home/ubuntu/repos/ptxdist/fork/STLinux.BSP-Duckbox/platform-ufs913/sysroot-host/lib/wrapper
PATH: /home/ubuntu/repos/ptxdist/fork/STLinux.BSP-Duckbox/platform-ufs913/sysroot-host/bin
PATH: /home/ubuntu/repos/ptxdist/fork/STLinux.BSP-Duckbox/platform-ufs913/sysroot-host/sbin
PATH: /home/ubuntu/repos/ptxdist/fork/STLinux.BSP-Duckbox/selected_toolchain
PATH: /usr/local/lib/ptxdist-2013.03.0/bin
PATH: /usr/lib/lightdm/lightdm
PATH: /usr/local/sbin
PATH: /usr/local/bin
PATH: /usr/sbin
PATH: /usr/bin
PATH: /sbin
PATH: /bin
PATH: /usr/games


## ----------- ##
## Core tests. ##
## ----------- ##

configure:2159: configuring gst-plugin for development with nano 1
configure:2199: checking whether to enable maintainer-specific portions of Makefiles
configure:2208: result: no
configure:2267: checking for a BSD-compatible install
configure:2335: result: /usr/local/lib/ptxdist-2013.03.0/bin/install -c
configure:2346: checking whether build environment is sane
configure:2396: result: yes
configure:2445: checking for sh4-linux-strip
configure:2472: result: sh4-linux-strip
configure:2537: checking for a thread-safe mkdir -p
configure:2576: result: /usr/local/lib/ptxdist-2013.03.0/bin/mkdir -p
configure:2589: checking for gawk
configure:2605: found /usr/bin/gawk
configure:2616: result: gawk
configure:2627: checking whether make sets $(MAKE)
configure:2649: result: yes
configure:2744: checking for sh4-linux-gcc
configure:2771: result: sh4-linux-gcc
configure:3040: checking for C compiler version
configure:3049: sh4-linux-gcc --version >&5
sh4-linux-gcc.real (STLinux.Toolchain-2013.03.1) 4.7.2 20130218
Copyright (C) 2012 Free Software Foundation, Inc.
This is free software; see the source for copying conditions.  There is NO
warranty; not even for MERCHANTABILITY or FITNESS FOR A PARTICULAR PURPOSE.

configure:3060: $? = 0
configure:3049: sh4-linux-gcc -v >&5
Using built-in specs.
COLLECT_GCC=/home/ubuntu/repos/ptxdist/fork/STLinux.BSP-Duckbox/platform-ufs913/sysroot-host/lib/wrapper/sh4-linux-gcc.real
COLLECT_LTO_WRAPPER=/home/ubuntu/repos/ptxdist/fork/STLinux.BSP-Duckbox/platform-ufs913/sysroot-host/lib/wrapper/../libexec/gcc/sh4-linux/4.7.2/lto-wrapper
Target: sh4-linux
Configured with: /home/ubuntu/repos/ptxdist/fork/STLinux.Toolchain/platform-sh4-linux-gcc-4.7.2-glibc-2.10.2-binutils-2.23.1-kernel-2.6.32-sanitized/build-cross/gcc-4.7.2/configure --build=x86_64-host-linux-gnu --host=x86_64-host-linux-gnu --target=sh4-linux --with-sysroot=/opt/STLinux.Toolchain-2013.03.1/sh4-linux/gcc-4.7.2-glibc-2.10.2-binutils-2.23.1-kernel-2.6.32-sanitized/sysroot-sh4-linux --enable-multilib --disable-multi-sysroot --with-multilib-list=m4-nofpu --with-cpu=sh4 --enable-target-optsize --enable-__cxa_atexit --disable-lto --enable-nls --enable-symvers=gnu --with-pkgversion=STLinux.Toolchain-2013.03.1 --enable-threads=posix --with-system-zlib --with-mpcx2=/home/ubuntu/repos/ptxdist/fork/STLinux.Toolchain/platform-sh4-linux-gcc-4.7.2-glibc-2.10.2-binutils-2.23.1-kernel-2.6.32-sanitized/sysroot-host --with-gmp=/home/ubuntu/repos/ptxdist/fork/STLinux.Toolchain/platform-sh4-linux-gcc-4.7.2-glibc-2.10.2-binutils-2.23.1-kernel-2.6.32-sanitized/sysroot-host --with-mpfr=/home/ubuntu/repos/ptxdist/fork/STLinux.Toolchain/platform-sh4-linux-gcc-4.7.2-glibc-2.10.2-binutils-2.23.1-kernel-2.6.32-sanitized/sysroot-host --with-libelf=/home/ubuntu/repos/ptxdist/fork/STLinux.Toolchain/platform-sh4-linux-gcc-4.7.2-glibc-2.10.2-binutils-2.23.1-kernel-2.6.32-sanitized/sysroot-host --without-ppl --prefix=/opt/STLinux.Toolchain-2013.03.1/sh4-linux/gcc-4.7.2-glibc-2.10.2-binutils-2.23.1-kernel-2.6.32-sanitized --enable-languages=c,c++ --enable-c99 --enable-long-long --enable-shared --disable-libssp --disable-libgomp --disable-libitm --disable-checking
Thread model: posix
gcc version 4.7.2 20130218 (STLinux.Toolchain-2013.03.1) 
configure:3060: $? = 0
configure:3049: sh4-linux-gcc -V >&5
sh4-linux-gcc.real: error: unrecognized command line option '-V'
sh4-linux-gcc.real: fatal error: no input files
compilation terminated.
configure:3060: $? = 1
configure:3049: sh4-linux-gcc -qversion >&5
sh4-linux-gcc.real: error: unrecognized command line option '-qversion'
sh4-linux-gcc.real: fatal error: no input files
compilation terminated.
configure:3060: $? = 1
configure:3080: checking whether the C compiler works
configure:3102: sh4-linux-gcc    conftest.c  >&5
configure:3106: $? = 0
configure:3154: result: yes
configure:3157: checking for C compiler default output file name
configure:3159: result: a.out
configure:3165: checking for suffix of executables
configure:3172: sh4-linux-gcc -o conftest    conftest.c  >&5
configure:3176: $? = 0
configure:3198: result: 
configure:3220: checking whether we are cross compiling
configure:3258: result: yes
configure:3263: checking for suffix of object files
configure:3285: sh4-linux-gcc -c   conftest.c >&5
configure:3289: $? = 0
configure:3310: result: o
configure:3314: checking whether we are using the GNU C compiler
configure:3333: sh4-linux-gcc -c   conftest.c >&5
configure:3333: $? = 0
configure:3342: result: yes
configure:3351: checking whether sh4-linux-gcc accepts -g
configure:3371: sh4-linux-gcc -c -g  conftest.c >&5
configure:3371: $? = 0
configure:3412: result: yes
configure:3429: checking for sh4-linux-gcc option to accept ISO C89
configure:3493: sh4-linux-gcc  -c -g -O2  conftest.c >&5
configure:3493: $? = 0
configure:3506: result: none needed
configure:3537: checking for style of include used by make
configure:3565: result: GNU
configure:3590: checking dependency style of sh4-linux-gcc
configure:3700: result: gcc3
configure:3744: checking build system type
configure:3758: result: x86_64-host-linux-gnu
configure:3778: checking host system type
configure:3791: result: sh4-unknown-linux-gnu
configure:3832: checking how to print strings
configure:3859: result: printf
configure:3880: checking for a sed that does not truncate output
configure:3944: result: /usr/local/lib/ptxdist-2013.03.0/bin/sed
configure:3962: checking for grep that handles long lines and -e
configure:4020: result: /bin/grep
configure:4025: checking for egrep
configure:4087: result: /bin/grep -E
configure:4092: checking for fgrep
configure:4154: result: /bin/grep -F
configure:4189: checking for ld used by sh4-linux-gcc
configure:4256: result: sh4-linux-ld
configure:4263: checking if the linker (sh4-linux-ld) is GNU ld
configure:4278: result: yes
configure:4290: checking for BSD- or MS-compatible name lister (nm)
configure:4339: result: sh4-linux-nm
configure:4469: checking the name lister (sh4-linux-nm) interface
configure:4476: sh4-linux-gcc -c -g -O2  conftest.c >&5
configure:4479: sh4-linux-nm "conftest.o"
configure:4482: output
00000000 B some_variable
configure:4489: result: BSD nm
configure:4492: checking whether ln -s works
configure:4496: result: yes
configure:4504: checking the maximum length of command line arguments
configure:4634: result: 3458764513820540925
configure:4651: checking whether the shell understands some XSI constructs
configure:4661: result: yes
configure:4665: checking whether the shell understands "+="
configure:4671: result: yes
configure:4706: checking how to convert x86_64-host-linux-gnu file names to sh4-unknown-linux-gnu format
configure:4746: result: func_convert_file_noop
configure:4753: checking how to convert x86_64-host-linux-gnu file names to toolchain format
configure:4773: result: func_convert_file_noop
configure:4780: checking for sh4-linux-ld option to reload object files
configure:4787: result: -r
configure:4821: checking for sh4-linux-objdump
configure:4848: result: sh4-linux-objdump
configure:4920: checking how to recognize dependent libraries
configure:5122: result: pass_all
configure:5167: checking for sh4-linux-dlltool
configure:5194: result: sh4-linux-dlltool
configure:5267: checking how to associate runtime and link libraries
configure:5294: result: printf %s\n
configure:5311: checking for sh4-linux-ar
configure:5338: result: sh4-linux-ar
configure:5419: checking for archiver @FILE support
configure:5436: sh4-linux-gcc -c -g -O2  conftest.c >&5
configure:5436: $? = 0
configure:5439: sh4-linux-ar cru libconftest.a @conftest.lst >&5
configure:5442: $? = 0
configure:5447: sh4-linux-ar cru libconftest.a @conftest.lst >&5
sh4-linux-ar: conftest.o: No such file or directory
configure:5450: $? = 1
configure:5462: result: @
configure:5480: checking for sh4-linux-strip
configure:5507: result: sh4-linux-strip
configure:5579: checking for sh4-linux-ranlib
configure:5606: result: sh4-linux-ranlib
configure:5748: checking command to parse sh4-linux-nm output from sh4-linux-gcc object
configure:5868: sh4-linux-gcc -c -g -O2  conftest.c >&5
configure:5871: $? = 0
configure:5875: sh4-linux-nm conftest.o \| sed -n -e 's/^.*[ ]\([ABCDGIRSTW][ABCDGIRSTW]*\)[ ][ ]*\([_A-Za-z][_A-Za-z0-9]*\)$/\1 \2 \2/p' | sed '/ __gnu_lto/d' \> conftest.nm
configure:5878: $? = 0
configure:5944: sh4-linux-gcc -o conftest -g -O2   conftest.c conftstm.o >&5
configure:5947: $? = 0
configure:5985: result: ok
configure:6022: checking for sysroot
configure:6052: result: no
configure:6268: checking for sh4-linux-mt
configure:6298: result: no
configure:6308: checking for mt
configure:6324: found /bin/mt
configure:6335: result: mt
configure:6347: WARNING: using cross tools not prefixed with host triplet
configure:6358: checking if mt is a manifest tool
configure:6364: mt '-?'
configure:6372: result: no
configure:7014: checking how to run the C preprocessor
configure:7084: result: sh4-linux-cpp
configure:7104: sh4-linux-cpp  conftest.c
configure:7104: $? = 0
configure:7118: sh4-linux-cpp  conftest.c
conftest.c:15:28: fatal error: ac_nonexistent.h: No such file or directory
compilation terminated.
configure:7118: $? = 1
configure: failed program was:
| /* confdefs.h */
| #define PACKAGE_NAME ""
| #define PACKAGE_TARNAME ""
| #define PACKAGE_VERSION ""
| #define PACKAGE_STRING ""
| #define PACKAGE_BUGREPORT ""
| #define PACKAGE_URL ""
| #define GST_PLUGIN_VERSION "0.10.0.1"
| #define GST_PLUGIN_VERSION_RELEASE "0.20130407.222812"
| #define PACKAGE "gst-plugin"
| #define VERSION "0.10.0.1"
| #define PACKAGE "gst-plugin"
| #define VERSION "0.10.0.1"
| /* end confdefs.h.  */
| #include <ac_nonexistent.h>
configure:7147: checking for ANSI C header files
configure:7167: sh4-linux-gcc -c -g -O2  conftest.c >&5
configure:7167: $? = 0
configure:7251: result: yes
configure:7264: checking for sys/types.h
configure:7264: sh4-linux-gcc -c -g -O2  conftest.c >&5
configure:7264: $? = 0
configure:7264: result: yes
configure:7264: checking for sys/stat.h
configure:7264: sh4-linux-gcc -c -g -O2  conftest.c >&5
configure:7264: $? = 0
configure:7264: result: yes
configure:7264: checking for stdlib.h
configure:7264: sh4-linux-gcc -c -g -O2  conftest.c >&5
configure:7264: $? = 0
configure:7264: result: yes
configure:7264: checking for string.h
configure:7264: sh4-linux-gcc -c -g -O2  conftest.c >&5
configure:7264: $? = 0
configure:7264: result: yes
configure:7264: checking for memory.h
configure:7264: sh4-linux-gcc -c -g -O2  conftest.c >&5
configure:7264: $? = 0
configure:7264: result: yes
configure:7264: checking for strings.h
configure:7264: sh4-linux-gcc -c -g -O2  conftest.c >&5
configure:7264: $? = 0
configure:7264: result: yes
configure:7264: checking for inttypes.h
configure:7264: sh4-linux-gcc -c -g -O2  conftest.c >&5
configure:7264: $? = 0
configure:7264: result: yes
configure:7264: checking for stdint.h
configure:7264: sh4-linux-gcc -c -g -O2  conftest.c >&5
configure:7264: $? = 0
configure:7264: result: yes
configure:7264: checking for unistd.h
configure:7264: sh4-linux-gcc -c -g -O2  conftest.c >&5
configure:7264: $? = 0
configure:7264: result: yes
configure:7278: checking for dlfcn.h
configure:7278: sh4-linux-gcc -c -g -O2  conftest.c >&5
configure:7278: $? = 0
configure:7278: result: yes
configure:7484: checking for objdir
configure:7499: result: .libs
configure:7766: checking if sh4-linux-gcc supports -fno-rtti -fno-exceptions
configure:7784: sh4-linux-gcc -c -g -O2  -fno-rtti -fno-exceptions conftest.c >&5
cc1: warning: command line option '-fno-rtti' is valid for C++/ObjC++ but not for C [enabled by default]
cc1: warning: command line option '-fno-rtti' is valid for C++/ObjC++ but not for C [enabled by default]
configure:7788: $? = 0
configure:7801: result: no
configure:8128: checking for sh4-linux-gcc option to produce PIC
configure:8135: result: -fPIC -DPIC
configure:8143: checking if sh4-linux-gcc PIC flag -fPIC -DPIC works
configure:8161: sh4-linux-gcc -c -g -O2  -fPIC -DPIC -DPIC conftest.c >&5
configure:8165: $? = 0
configure:8178: result: yes
configure:8207: checking if sh4-linux-gcc static flag -static works
configure:8235: result: yes
configure:8250: checking if sh4-linux-gcc supports -c -o file.o
configure:8271: sh4-linux-gcc -c -g -O2  -o out/conftest2.o conftest.c >&5
configure:8275: $? = 0
configure:8297: result: yes
configure:8305: checking if sh4-linux-gcc supports -c -o file.o
configure:8352: result: yes
configure:8385: checking whether the sh4-linux-gcc linker (sh4-linux-ld) supports shared libraries
configure:9538: result: yes
configure:9575: checking whether -lc should be explicitly linked in
configure:9583: sh4-linux-gcc -c -g -O2  conftest.c >&5
configure:9586: $? = 0
configure:9601: sh4-linux-gcc -shared  -fPIC -DPIC conftest.o  -v -Wl,-soname -Wl,conftest -o conftest 2\>\&1 \| /bin/grep  -lc  \>/dev/null 2\>\&1
configure:9604: $? = 0
configure:9618: result: no
configure:9778: checking dynamic linker characteristics
configure:10289: sh4-linux-gcc -o conftest -g -O2   -Wl,-rpath -Wl,/foo conftest.c  >&5
configure:10289: $? = 0
configure:10511: result: GNU/Linux ld.so
configure:10618: checking how to hardcode library paths into programs
configure:10643: result: immediate
configure:11183: checking whether stripping libraries is possible
configure:11188: result: yes
configure:11223: checking if libtool supports shared libraries
configure:11225: result: yes
configure:11228: checking whether to build shared libraries
configure:11249: result: yes
configure:11252: checking whether to build static libraries
configure:11256: result: yes
configure:11296: checking to see if compiler understands -Wall
configure:11313: sh4-linux-gcc -c -g -O2 -Wall  conftest.c >&5
configure:11313: $? = 0
configure:11328: result: yes
configure:11377: checking for pkg-config
configure:11393: found /home/ubuntu/repos/ptxdist/fork/STLinux.BSP-Duckbox/platform-ufs913/sysroot-cross/bin/pkg-config
configure:11405: result: yes
configure:11528: checking pkg-config is at least version 0.9.0
configure:11531: result: yes
configure:11541: checking for GST
configure:11549: $PKG_CONFIG --exists --print-errors "\
  gstreamer-$GST_MAJORMINOR >= $GST_REQUIRED"
configure:11553: $? = 0
configure:11568: $PKG_CONFIG --exists --print-errors "\
  gstreamer-$GST_MAJORMINOR >= $GST_REQUIRED"
configure:11572: $? = 0
configure:11612: result: yes
configure:11630: checking for GST_BASE
configure:11637: $PKG_CONFIG --exists --print-errors "gstreamer-base-$GST_MAJORMINOR >= $GST_REQUIRED"
configure:11640: $? = 0
configure:11653: $PKG_CONFIG --exists --print-errors "gstreamer-base-$GST_MAJORMINOR >= $GST_REQUIRED"
configure:11656: $? = 0
configure:11693: result: yes
configure:11708: checking for GSTPB_BASE
configure:11715: $PKG_CONFIG --exists --print-errors "gstreamer-plugins-base-$GST_MAJORMINOR >= $GSTPB_REQUIRED"
configure:11718: $? = 0
configure:11731: $PKG_CONFIG --exists --print-errors "gstreamer-plugins-base-$GST_MAJORMINOR >= $GSTPB_REQUIRED"
configure:11734: $? = 0
configure:11771: result: yes
configure:11786: checking for GSTCTRL
configure:11793: $PKG_CONFIG --exists --print-errors "gstreamer-controller-$GST_MAJORMINOR >= $GSTPB_REQUIRED"
configure:11796: $? = 0
configure:11809: $PKG_CONFIG --exists --print-errors "gstreamer-controller-$GST_MAJORMINOR >= $GSTPB_REQUIRED"
configure:11812: $? = 0
configure:11849: result: yes
configure:12008: creating ./config.status

## ---------------------- ##
## Running config.status. ##
## ---------------------- ##

This file was extended by config.status, which was
generated by GNU Autoconf 2.68.  Invocation command line was

  CONFIG_FILES    = 
  CONFIG_HEADERS  = 
  CONFIG_LINKS    = 
  CONFIG_COMMANDS = 
  $ ./config.status 

on ubuntu

config.status:1132: creating Makefile
config.status:1132: creating m4/Makefile
config.status:1132: creating src/Makefile
config.status:1132: creating config.h
config.status:1361: executing depfiles commands
config.status:1361: executing libtool commands

## ---------------- ##
## Cache variables. ##
## ---------------- ##

ac_cv_build=x86_64-host-linux-gnu
ac_cv_c_compiler_gnu=yes
ac_cv_env_CC_set=set
ac_cv_env_CC_value=sh4-linux-gcc
ac_cv_env_CFLAGS_set=
ac_cv_env_CFLAGS_value=
ac_cv_env_CPPFLAGS_set=
ac_cv_env_CPPFLAGS_value=
ac_cv_env_CPP_set=set
ac_cv_env_CPP_value=sh4-linux-cpp
ac_cv_env_GSTCTRL_CFLAGS_set=
ac_cv_env_GSTCTRL_CFLAGS_value=
ac_cv_env_GSTCTRL_LIBS_set=
ac_cv_env_GSTCTRL_LIBS_value=
ac_cv_env_GSTPB_BASE_CFLAGS_set=
ac_cv_env_GSTPB_BASE_CFLAGS_value=
ac_cv_env_GSTPB_BASE_LIBS_set=
ac_cv_env_GSTPB_BASE_LIBS_value=
ac_cv_env_GST_BASE_CFLAGS_set=
ac_cv_env_GST_BASE_CFLAGS_value=
ac_cv_env_GST_BASE_LIBS_set=
ac_cv_env_GST_BASE_LIBS_value=
ac_cv_env_GST_CFLAGS_set=
ac_cv_env_GST_CFLAGS_value=
ac_cv_env_GST_LIBS_set=
ac_cv_env_GST_LIBS_value=
ac_cv_env_LDFLAGS_set=
ac_cv_env_LDFLAGS_value=
ac_cv_env_LIBS_set=
ac_cv_env_LIBS_value=
ac_cv_env_PKG_CONFIG_LIBDIR_set=set
ac_cv_env_PKG_CONFIG_LIBDIR_value=/home/ubuntu/repos/ptxdist/fork/STLinux.BSP-Duckbox/platform-ufs913/sysroot-target/lib/pkgconfig:/home/ubuntu/repos/ptxdist/fork/STLinux.BSP-Duckbox/platform-ufs913/sysroot-target/usr/lib/pkgconfig:/home/ubuntu/repos/ptxdist/fork/STLinux.BSP-Duckbox/platform-ufs913/sysroot-target/share/pkgconfig:/home/ubuntu/repos/ptxdist/fork/STLinux.BSP-Duckbox/platform-ufs913/sysroot-target/usr/share/pkgconfig
ac_cv_env_PKG_CONFIG_PATH_set=set
ac_cv_env_PKG_CONFIG_PATH_value=
ac_cv_env_PKG_CONFIG_set=set
ac_cv_env_PKG_CONFIG_value=/home/ubuntu/repos/ptxdist/fork/STLinux.BSP-Duckbox/platform-ufs913/sysroot-cross/bin/sh4-linux-pkg-config
ac_cv_env_build_alias_set=set
ac_cv_env_build_alias_value=x86_64-host-linux-gnu
ac_cv_env_host_alias_set=set
ac_cv_env_host_alias_value=sh4-linux
ac_cv_env_target_alias_set=
ac_cv_env_target_alias_value=
ac_cv_file__dev_random=yes
ac_cv_file__proc_self_exe=yes
ac_cv_file__proc_self_fd=yes
ac_cv_file__proc_self_maps=yes
ac_cv_func_dcgettext=yes
ac_cv_func_fork=yes
ac_cv_func_fork_works=yes
ac_cv_func_getpgrp_void=yes
ac_cv_func_getrlimit=yes
ac_cv_func_iconv_open=yes
ac_cv_func_malloc_0_nonnull=yes
ac_cv_func_memcmp_clean=yes
ac_cv_func_memcmp_working=yes
ac_cv_func_nonposix_getgrgid_r=no
ac_cv_func_nonposix_getpwuid_r=no
ac_cv_func_posix_getgrgid_r=yes
ac_cv_func_posix_getpwnam_r=yes
ac_cv_func_posix_getpwuid_r=yes
ac_cv_func_printf_unix98=yes
ac_cv_func_realloc_0_nonnull=yes
ac_cv_func_setgrent_void=yes
ac_cv_func_setpgrp_void=yes
ac_cv_func_setvbuf_reversed=no
ac_cv_func_strstr=yes
ac_cv_func_strtod=yes
ac_cv_func_strtoul=yes
ac_cv_func_vsnprintf_c99=yes
ac_cv_func_wait3_rusage=yes
ac_cv_have_abstract_sockets=yes
ac_cv_header_dlfcn_h=yes
ac_cv_header_inttypes_h=yes
ac_cv_header_memory_h=yes
ac_cv_header_stdc=yes
ac_cv_header_stdint_h=yes
ac_cv_header_stdlib_h=yes
ac_cv_header_string_h=yes
ac_cv_header_strings_h=yes
ac_cv_header_sys_stat_h=yes
ac_cv_header_sys_types_h=yes
ac_cv_header_unistd_h=yes
ac_cv_host=sh4-unknown-linux-gnu
ac_cv_lib_c_inet_aton=yes
ac_cv_objext=o
ac_cv_path_EGREP='/bin/grep -E'
ac_cv_path_FGREP='/bin/grep -F'
ac_cv_path_GREP=/bin/grep
ac_cv_path_SED=/usr/local/lib/ptxdist-2013.03.0/bin/sed
ac_cv_path_install='/usr/local/lib/ptxdist-2013.03.0/bin/install -c'
ac_cv_path_mkdir=/usr/local/lib/ptxdist-2013.03.0/bin/mkdir
ac_cv_prog_AR=sh4-linux-ar
ac_cv_prog_AWK=gawk
ac_cv_prog_CC=sh4-linux-gcc
ac_cv_prog_CPP=sh4-linux-cpp
ac_cv_prog_DLLTOOL=sh4-linux-dlltool
ac_cv_prog_HAVE_PKGCONFIG=yes
ac_cv_prog_OBJDUMP=sh4-linux-objdump
ac_cv_prog_RANLIB=sh4-linux-ranlib
ac_cv_prog_STRIP=sh4-linux-strip
ac_cv_prog_ac_ct_MANIFEST_TOOL=mt
ac_cv_prog_cc_c89=
ac_cv_prog_cc_g=yes
ac_cv_prog_make_make_set=yes
ac_cv_sizeof_long_double=8
ac_cv_sizeof_long_long=8
ac_cv_sysv_ipc=yes
ac_cv_type_uintptr_t=yes
am_cv_CC_dependencies_compiler_type=gcc3
bash_cv_func_ctype_nonascii=yes
bash_cv_func_sigsetjmp=present
bash_cv_func_strcoll_broken=no
bash_cv_must_reinstall_sighandlers=no
glib_cv_long_long_format=ll
gt_cv_func_gettext_libintl=yes
lt_cv_ar_at_file=@
lt_cv_archive_cmds_need_lc=no
lt_cv_deplibs_check_method=pass_all
lt_cv_file_magic_cmd='$MAGIC_CMD'
lt_cv_file_magic_test_file=
lt_cv_ld_reload_flag=-r
lt_cv_nm_interface='BSD nm'
lt_cv_objdir=.libs
lt_cv_path_LD=sh4-linux-ld
lt_cv_path_NM=sh4-linux-nm
lt_cv_path_mainfest_tool=no
lt_cv_prog_compiler_c_o=yes
lt_cv_prog_compiler_pic='-fPIC -DPIC'
lt_cv_prog_compiler_pic_works=yes
lt_cv_prog_compiler_rtti_exceptions=no
lt_cv_prog_compiler_static_works=yes
lt_cv_prog_gnu_ld=yes
lt_cv_sharedlib_from_linklib_cmd='printf %s\n'
lt_cv_shlibpath_overrides_runpath=no
lt_cv_sys_global_symbol_pipe='sed -n -e '\''s/^.*[	 ]\([ABCDGIRSTW][ABCDGIRSTW]*\)[	 ][	 ]*\([_A-Za-z][_A-Za-z0-9]*\)$/\1 \2 \2/p'\'' | sed '\''/ __gnu_lto/d'\'''
lt_cv_sys_global_symbol_to_c_name_address='sed -n -e '\''s/^: \([^ ]*\)[ ]*$/  {\"\1\", (void *) 0},/p'\'' -e '\''s/^[ABCDGIRSTW]* \([^ ]*\) \([^ ]*\)$/  {"\2", (void *) \&\2},/p'\'''
lt_cv_sys_global_symbol_to_c_name_address_lib_prefix='sed -n -e '\''s/^: \([^ ]*\)[ ]*$/  {\"\1\", (void *) 0},/p'\'' -e '\''s/^[ABCDGIRSTW]* \([^ ]*\) \(lib[^ ]*\)$/  {"\2", (void *) \&\2},/p'\'' -e '\''s/^[ABCDGIRSTW]* \([^ ]*\) \([^ ]*\)$/  {"lib\2", (void *) \&\2},/p'\'''
lt_cv_sys_global_symbol_to_cdecl='sed -n -e '\''s/^T .* \(.*\)$/extern int \1();/p'\'' -e '\''s/^[ABCDGIRSTW]* .* \(.*\)$/extern char \1;/p'\'''
lt_cv_sys_max_cmd_len=3458764513820540925
lt_cv_to_host_file_cmd=func_convert_file_noop
lt_cv_to_tool_file_cmd=func_convert_file_noop
pkg_cv_GSTCTRL_CFLAGS='-pthread -I/home/ubuntu/repos/ptxdist/fork/STLinux.BSP-Duckbox/platform-ufs913/sysroot-target/usr/include/gstreamer-0.10 -I/home/ubuntu/repos/ptxdist/fork/STLinux.BSP-Duckbox/platform-ufs913/sysroot-target/usr/include/glib-2.0 -I/home/ubuntu/repos/ptxdist/fork/STLinux.BSP-Duckbox/platform-ufs913/sysroot-target/usr/lib/glib-2.0/include '
pkg_cv_GSTCTRL_LIBS='-pthread -L/home/ubuntu/repos/ptxdist/fork/STLinux.BSP-Duckbox/platform-ufs913/sysroot-target/usr/lib -lgstcontroller-0.10 -lgstreamer-0.10 -lgobject-2.0 -lgmodule-2.0 -lgthread-2.0 -lrt -lglib-2.0 '
pkg_cv_GSTPB_BASE_CFLAGS='-pthread -I/home/ubuntu/repos/ptxdist/fork/STLinux.BSP-Duckbox/platform-ufs913/sysroot-target/usr/include/gstreamer-0.10 -I/home/ubuntu/repos/ptxdist/fork/STLinux.BSP-Duckbox/platform-ufs913/sysroot-target/usr/include/glib-2.0 -I/home/ubuntu/repos/ptxdist/fork/STLinux.BSP-Duckbox/platform-ufs913/sysroot-target/usr/lib/glib-2.0/include '
pkg_cv_GSTPB_BASE_LIBS='-pthread -L/home/ubuntu/repos/ptxdist/fork/STLinux.BSP-Duckbox/platform-ufs913/sysroot-target/usr/lib -lgstreamer-0.10 -lgobject-2.0 -lgmodule-2.0 -lgthread-2.0 -lrt -lglib-2.0 '
pkg_cv_GST_BASE_CFLAGS='-pthread -I/home/ubuntu/repos/ptxdist/fork/STLinux.BSP-Duckbox/platform-ufs913/sysroot-target/usr/include/gstreamer-0.10 -I/home/ubuntu/repos/ptxdist/fork/STLinux.BSP-Duckbox/platform-ufs913/sysroot-target/usr/include/glib-2.0 -I/home/ubuntu/repos/ptxdist/fork/STLinux.BSP-Duckbox/platform-ufs913/sysroot-target/usr/lib/glib-2.0/include '
pkg_cv_GST_BASE_LIBS='-pthread -L/home/ubuntu/repos/ptxdist/fork/STLinux.BSP-Duckbox/platform-ufs913/sysroot-target/usr/lib -lgstbase-0.10 -lgstreamer-0.10 -lgobject-2.0 -lgmodule-2.0 -lgthread-2.0 -lrt -lglib-2.0 '
pkg_cv_GST_CFLAGS='-pthread -I/home/ubuntu/repos/ptxdist/fork/STLinux.BSP-Duckbox/platform-ufs913/sysroot-target/usr/include/gstreamer-0.10 -I/home/ubuntu/repos/ptxdist/fork/STLinux.BSP-Duckbox/platform-ufs913/sysroot-target/usr/include/glib-2.0 -I/home/ubuntu/repos/ptxdist/fork/STLinux.BSP-Duckbox/platform-ufs913/sysroot-target/usr/lib/glib-2.0/include '
pkg_cv_GST_LIBS='-pthread -L/home/ubuntu/repos/ptxdist/fork/STLinux.BSP-Duckbox/platform-ufs913/sysroot-target/usr/lib -lgstreamer-0.10 -lgobject-2.0 -lgmodule-2.0 -lgthread-2.0 -lrt -lglib-2.0 '

## ----------------- ##
## Output variables. ##
## ----------------- ##

ACLOCAL='${SHELL} /home/ubuntu/repos/ptxdist/fork/STLinux.BSP-Duckbox/platform-ufs913/build-target/gst-plugins-dvbmediasink/missing --run aclocal-1.11'
ACLOCAL_AMFLAGS='-I m4'
AMDEPBACKSLASH='\'
AMDEP_FALSE='#'
AMDEP_TRUE=''
AMTAR='${SHELL} /home/ubuntu/repos/ptxdist/fork/STLinux.BSP-Duckbox/platform-ufs913/build-target/gst-plugins-dvbmediasink/missing --run tar'
AR='sh4-linux-ar'
AUTOCONF='${SHELL} /home/ubuntu/repos/ptxdist/fork/STLinux.BSP-Duckbox/platform-ufs913/build-target/gst-plugins-dvbmediasink/missing --run autoconf'
AUTOHEADER='${SHELL} /home/ubuntu/repos/ptxdist/fork/STLinux.BSP-Duckbox/platform-ufs913/build-target/gst-plugins-dvbmediasink/missing --run autoheader'
AUTOMAKE='${SHELL} /home/ubuntu/repos/ptxdist/fork/STLinux.BSP-Duckbox/platform-ufs913/build-target/gst-plugins-dvbmediasink/missing --run automake-1.11'
AWK='gawk'
CC='sh4-linux-gcc'
CCDEPMODE='depmode=gcc3'
CFLAGS='-g -O2'
CPP='sh4-linux-cpp'
CPPFLAGS=''
CYGPATH_W='echo'
DEFS='-DHAVE_CONFIG_H'
DEPDIR='.deps'
DLLTOOL='sh4-linux-dlltool'
DSYMUTIL=''
DUMPBIN=''
ECHO_C=''
ECHO_N='-n'
ECHO_T=''
EGREP='/bin/grep -E'
EXEEXT=''
FGREP='/bin/grep -F'
GREP='/bin/grep'
GSTCTRL_CFLAGS='-pthread -I/home/ubuntu/repos/ptxdist/fork/STLinux.BSP-Duckbox/platform-ufs913/sysroot-target/usr/include/gstreamer-0.10 -I/home/ubuntu/repos/ptxdist/fork/STLinux.BSP-Duckbox/platform-ufs913/sysroot-target/usr/include/glib-2.0 -I/home/ubuntu/repos/ptxdist/fork/STLinux.BSP-Duckbox/platform-ufs913/sysroot-target/usr/lib/glib-2.0/include '
GSTCTRL_LIBS='-pthread -L/home/ubuntu/repos/ptxdist/fork/STLinux.BSP-Duckbox/platform-ufs913/sysroot-target/usr/lib -lgstcontroller-0.10 -lgstreamer-0.10 -lgobject-2.0 -lgmodule-2.0 -lgthread-2.0 -lrt -lglib-2.0 '
GSTPB_BASE_CFLAGS='-pthread -I/home/ubuntu/repos/ptxdist/fork/STLinux.BSP-Duckbox/platform-ufs913/sysroot-target/usr/include/gstreamer-0.10 -I/home/ubuntu/repos/ptxdist/fork/STLinux.BSP-Duckbox/platform-ufs913/sysroot-target/usr/include/glib-2.0 -I/home/ubuntu/repos/ptxdist/fork/STLinux.BSP-Duckbox/platform-ufs913/sysroot-target/usr/lib/glib-2.0/include '
GSTPB_BASE_LIBS='-pthread -L/home/ubuntu/repos/ptxdist/fork/STLinux.BSP-Duckbox/platform-ufs913/sysroot-target/usr/lib -lgstreamer-0.10 -lgobject-2.0 -lgmodule-2.0 -lgthread-2.0 -lrt -lglib-2.0 '
GST_BASE_CFLAGS='-pthread -I/home/ubuntu/repos/ptxdist/fork/STLinux.BSP-Duckbox/platform-ufs913/sysroot-target/usr/include/gstreamer-0.10 -I/home/ubuntu/repos/ptxdist/fork/STLinux.BSP-Duckbox/platform-ufs913/sysroot-target/usr/include/glib-2.0 -I/home/ubuntu/repos/ptxdist/fork/STLinux.BSP-Duckbox/platform-ufs913/sysroot-target/usr/lib/glib-2.0/include '
GST_BASE_LIBS='-pthread -L/home/ubuntu/repos/ptxdist/fork/STLinux.BSP-Duckbox/platform-ufs913/sysroot-target/usr/lib -lgstbase-0.10 -lgstreamer-0.10 -lgobject-2.0 -lgmodule-2.0 -lgthread-2.0 -lrt -lglib-2.0 '
GST_CFLAGS='-pthread -I/home/ubuntu/repos/ptxdist/fork/STLinux.BSP-Duckbox/platform-ufs913/sysroot-target/usr/include/gstreamer-0.10 -I/home/ubuntu/repos/ptxdist/fork/STLinux.BSP-Duckbox/platform-ufs913/sysroot-target/usr/include/glib-2.0 -I/home/ubuntu/repos/ptxdist/fork/STLinux.BSP-Duckbox/platform-ufs913/sysroot-target/usr/lib/glib-2.0/include   -Wall'
GST_LIBS='-pthread -L/home/ubuntu/repos/ptxdist/fork/STLinux.BSP-Duckbox/platform-ufs913/sysroot-target/usr/lib -lgstreamer-0.10 -lgobject-2.0 -lgmodule-2.0 -lgthread-2.0 -lrt -lglib-2.0 '
GST_MAJORMINOR='0.10'
GST_PLUGIN_LDFLAGS='-module -avoid-version -export-symbols-regex _*\(gst_\|Gst\|GST_\).*'
GST_PLUGIN_VERSION='0.10.0.1'
GST_PLUGIN_VERSION_MAJOR='0'
GST_PLUGIN_VERSION_MICRO='0'
GST_PLUGIN_VERSION_MINOR='10'
GST_PLUGIN_VERSION_NANO='1'
GST_PLUGIN_VERSION_RELEASE='0.20130407.222812'
HAVE_PKGCONFIG='yes'
INSTALL_DATA='${INSTALL} -m 644'
INSTALL_PROGRAM='${INSTALL}'
INSTALL_SCRIPT='${INSTALL}'
INSTALL_STRIP_PROGRAM='$(install_sh) -c -s'
LD='sh4-linux-ld'
LDFLAGS=''
LIBOBJS=''
LIBS=''
LIBTOOL='$(SHELL) $(top_builddir)/libtool'
LIPO=''
LN_S='ln -s'
LTLIBOBJS=''
MAINT='#'
MAINTAINER_MODE_FALSE=''
MAINTAINER_MODE_TRUE='#'
MAKEINFO='${SHELL} /home/ubuntu/repos/ptxdist/fork/STLinux.BSP-Duckbox/platform-ufs913/build-target/gst-plugins-dvbmediasink/missing --run makeinfo'
MANIFEST_TOOL=':'
MKDIR_P='/usr/local/lib/ptxdist-2013.03.0/bin/mkdir -p'
NM='sh4-linux-nm'
NMEDIT=''
OBJDUMP='sh4-linux-objdump'
OBJEXT='o'
OTOOL64=''
OTOOL=''
PACKAGE='gst-plugin'
PACKAGE_BUGREPORT=''
PACKAGE_NAME=''
PACKAGE_STRING=''
PACKAGE_TARNAME=''
PACKAGE_URL=''
PACKAGE_VERSION=''
PATH_SEPARATOR=':'
PKG_CONFIG='/home/ubuntu/repos/ptxdist/fork/STLinux.BSP-Duckbox/platform-ufs913/sysroot-cross/bin/sh4-linux-pkg-config'
PKG_CONFIG_LIBDIR='/home/ubuntu/repos/ptxdist/fork/STLinux.BSP-Duckbox/platform-ufs913/sysroot-target/lib/pkgconfig:/home/ubuntu/repos/ptxdist/fork/STLinux.BSP-Duckbox/platform-ufs913/sysroot-target/usr/lib/pkgconfig:/home/ubuntu/repos/ptxdist/fork/STLinux.BSP-Duckbox/platform-ufs913/sysroot-target/share/pkgconfig:/home/ubuntu/repos/ptxdist/fork/STLinux.BSP-Duckbox/platform-ufs913/sysroot-target/usr/share/pkgconfig'
PKG_CONFIG_PATH=''
RANLIB='sh4-linux-ranlib'
SED='/usr/local/lib/ptxdist-2013.03.0/bin/sed'
SET_MAKE=''
SHELL='/bin/sh'
STRIP='sh4-linux-strip'
VERSION='0.10.0.1'
ac_ct_AR=''
ac_ct_CC=''
ac_ct_DUMPBIN=''
am__EXEEXT_FALSE=''
am__EXEEXT_TRUE='#'
am__fastdepCC_FALSE='#'
am__fastdepCC_TRUE=''
am__include='include'
am__isrc=''
am__leading_dot='.'
am__quote=''
am__tar='${AMTAR} chof - "$$tardir"'
am__untar='${AMTAR} xf -'
bindir='${exec_prefix}/bin'
build='x86_64-host-linux-gnu'
build_alias='x86_64-host-linux-gnu'
build_cpu='x86_64'
build_os='linux-gnu'
build_vendor='host'
datadir='${datarootdir}'
datarootdir='${prefix}/share'
docdir='${datarootdir}/doc/${PACKAGE}'
dvidir='${docdir}'
exec_prefix='${prefix}'
host='sh4-unknown-linux-gnu'
host_alias='sh4-linux'
host_cpu='sh4'
host_os='linux-gnu'
host_vendor='unknown'
htmldir='${docdir}'
includedir='${prefix}/include'
infodir='${datarootdir}/info'
install_sh='${SHELL} /home/ubuntu/repos/ptxdist/fork/STLinux.BSP-Duckbox/platform-ufs913/build-target/gst-plugins-dvbmediasink/install-sh'
libdir='/usr/lib'
libexecdir='${exec_prefix}/libexec'
localedir='${datarootdir}/locale'
localstatedir='/var'
mandir='${datarootdir}/man'
mkdir_p='/usr/local/lib/ptxdist-2013.03.0/bin/mkdir -p'
oldincludedir='/usr/include'
pdfdir='${docdir}'
plugindir='$(libdir)/gstreamer-0.10'
prefix='/usr'
program_transform_name='s,x,x,'
psdir='${docdir}'
sbindir='${exec_prefix}/sbin'
sharedstatedir='${prefix}/com'
sysconfdir='/etc'
target_alias=''

## ----------- ##
## confdefs.h. ##
## ----------- ##

/* confdefs.h */
#define PACKAGE_NAME ""
#define PACKAGE_TARNAME ""
#define PACKAGE_VERSION ""
#define PACKAGE_STRING ""
#define PACKAGE_BUGREPORT ""
#define PACKAGE_URL ""
#define GST_PLUGIN_VERSION "0.10.0.1"
#define GST_PLUGIN_VERSION_RELEASE "0.20130407.222812"
#define PACKAGE "gst-plugin"
#define VERSION "0.10.0.1"
#define PACKAGE "gst-plugin"
#define VERSION "0.10.0.1"
#define STDC_HEADERS 1
#define HAVE_SYS_TYPES_H 1
#define HAVE_SYS_STAT_H 1
#define HAVE_STDLIB_H 1
#define HAVE_STRING_H 1
#define HAVE_MEMORY_H 1
#define HAVE_STRINGS_H 1
#define HAVE_INTTYPES_H 1
#define HAVE_STDINT_H 1
#define HAVE_UNISTD_H 1
#define HAVE_DLFCN_H 1
#define LT_OBJDIR ".libs/"

configure: exit 0
